[0m[[0minfo[0m] [0mLoading global plugins from /Users/Alex/.sbt/0.13/plugins[0m
[0m[[0minfo[0m] [0mSet current project to Droidel (in build file:/Users/Alex/Desktop/Development/src/droidel/)[0m
[0m[[0minfo[0m] [0mRunning edu.colorado.droidel.driver.Main -app /Users/Alex/Desktop/apps/buildBenchHEAD/textsecure -android_jar ../permGrep/src/main/resources/androidPlatforms/droidel_android-4.4.2.jar -build_cg[0m
Found JPhantom-processed bytecodes--using them
Transforming /Users/Alex/Desktop/apps/buildBenchHEAD/textsecure/
Parsing layout
Parsing layout took 21.81
Generating stubs
Warning: not including com.astuetz.PagerSlidingTabStrip in stubs because it is not a subtype of View/Fragment according to the class hierarchy (missing library code suspected)
Generating and compiling stubs took 5.004
Performing bytecode instrumentation to explicate dependency injection
Lorg/thoughtcrime/securesms/jobs/AttachmentDownloadJob$InvalidPartException; -- Lorg/whispersystems/textsecure/api/push/exceptions/NonSuccessfulResponseCodeException;
Lorg/thoughtcrime/securesms/jobs/AttachmentDownloadJob$InvalidPartException; -- L?;
Lorg/thoughtcrime/securesms/jobs/AttachmentDownloadJob$InvalidPartException; -- L?;
Lorg/thoughtcrime/securesms/jobs/AttachmentDownloadJob$InvalidPartException; -- L?;
L?; -- Lorg/whispersystems/libaxolotl/InvalidMessageException;
L?; -- Lws/com/google/android/mms/MmsException;
L?; -- Lorg/thoughtcrime/securesms/jobs/AttachmentDownloadJob$InvalidPartException;
L?; -- Lorg/whispersystems/textsecure/api/push/exceptions/NonSuccessfulResponseCodeException;
L?; -- Lorg/whispersystems/libaxolotl/InvalidMessageException;
L?; -- Lws/com/google/android/mms/MmsException;
L?; -- Lorg/thoughtcrime/securesms/jobs/AttachmentDownloadJob$InvalidPartException;
++ L; -- Ljava/io/File; ++
++ L; -- Ljava/io/File; ++
++ L; -- Ljava/io/File; ++
++ L; -- Ljava/io/File; ++
L?; -- Lorg/whispersystems/textsecure/api/push/exceptions/NonSuccessfulResponseCodeException;
L?; -- Lorg/whispersystems/libaxolotl/InvalidMessageException;
L?; -- Lws/com/google/android/mms/MmsException;
L?; -- Lorg/thoughtcrime/securesms/jobs/AttachmentDownloadJob$InvalidPartException;
L?; -- Lorg/whispersystems/textsecure/api/push/exceptions/NonSuccessfulResponseCodeException;
L?; -- Lorg/whispersystems/libaxolotl/InvalidMessageException;
L?; -- Lws/com/google/android/mms/MmsException;
L?; -- Lorg/thoughtcrime/securesms/jobs/AttachmentDownloadJob$InvalidPartException;
L?; -- Lorg/whispersystems/textsecure/api/push/exceptions/NonSuccessfulResponseCodeException;
L?; -- Lorg/whispersystems/libaxolotl/InvalidMessageException;
L?; -- Lws/com/google/android/mms/MmsException;
L?; -- Lorg/thoughtcrime/securesms/jobs/AttachmentDownloadJob$InvalidPartException;
L?; -- Lorg/whispersystems/textsecure/api/push/exceptions/NonSuccessfulResponseCodeException;
L?; -- Lorg/whispersystems/libaxolotl/InvalidMessageException;
L?; -- Lws/com/google/android/mms/MmsException;
L?; -- Lorg/thoughtcrime/securesms/jobs/AttachmentDownloadJob$InvalidPartException;
L?; -- Lorg/whispersystems/textsecure/api/push/exceptions/NonSuccessfulResponseCodeException;
L?; -- Lorg/whispersystems/libaxolotl/InvalidMessageException;
L?; -- Lws/com/google/android/mms/MmsException;
L?; -- Lorg/thoughtcrime/securesms/jobs/AttachmentDownloadJob$InvalidPartException;
L?; -- Lorg/whispersystems/textsecure/api/push/exceptions/NonSuccessfulResponseCodeException;
L?; -- Lorg/whispersystems/libaxolotl/InvalidMessageException;
L?; -- Lws/com/google/android/mms/MmsException;
L?; -- Lorg/thoughtcrime/securesms/jobs/AttachmentDownloadJob$InvalidPartException;
L?; -- Lorg/whispersystems/textsecure/api/push/exceptions/NonSuccessfulResponseCodeException;
L?; -- Lorg/whispersystems/libaxolotl/InvalidMessageException;
L?; -- Lws/com/google/android/mms/MmsException;
L?; -- Lorg/thoughtcrime/securesms/jobs/AttachmentDownloadJob$InvalidPartException;
L?; -- Lorg/whispersystems/textsecure/api/push/exceptions/NonSuccessfulResponseCodeException;
L?; -- Lorg/whispersystems/libaxolotl/InvalidMessageException;
L?; -- Lws/com/google/android/mms/MmsException;
L?; -- Lorg/thoughtcrime/securesms/jobs/AttachmentDownloadJob$InvalidPartException;
L?; -- Lorg/whispersystems/textsecure/api/push/exceptions/NonSuccessfulResponseCodeException;
L?; -- Lorg/whispersystems/libaxolotl/InvalidMessageException;
L?; -- Lws/com/google/android/mms/MmsException;
L?; -- Lorg/thoughtcrime/securesms/jobs/AttachmentDownloadJob$InvalidPartException;
L?; -- Lorg/whispersystems/textsecure/api/push/exceptions/NonSuccessfulResponseCodeException;
L?; -- Lorg/whispersystems/libaxolotl/InvalidMessageException;
L?; -- Lws/com/google/android/mms/MmsException;
L?; -- Lorg/thoughtcrime/securesms/jobs/AttachmentDownloadJob$InvalidPartException;
L?; -- Lorg/whispersystems/textsecure/api/push/exceptions/NonSuccessfulResponseCodeException;
L?; -- Lorg/whispersystems/libaxolotl/InvalidMessageException;
L?; -- Lws/com/google/android/mms/MmsException;
L?; -- Lorg/thoughtcrime/securesms/jobs/AttachmentDownloadJob$InvalidPartException;
L?; -- Lorg/whispersystems/textsecure/api/push/exceptions/NonSuccessfulResponseCodeException;
L?; -- Lorg/whispersystems/libaxolotl/InvalidMessageException;
L?; -- Lws/com/google/android/mms/MmsException;
L?; -- Lorg/thoughtcrime/securesms/jobs/AttachmentDownloadJob$InvalidPartException;
L?; -- Lorg/whispersystems/textsecure/api/push/exceptions/NonSuccessfulResponseCodeException;
L?; -- Lorg/whispersystems/libaxolotl/InvalidMessageException;
L?; -- Lws/com/google/android/mms/MmsException;
L?; -- Lorg/thoughtcrime/securesms/jobs/AttachmentDownloadJob$InvalidPartException;
L?; -- Lorg/whispersystems/textsecure/api/push/exceptions/NonSuccessfulResponseCodeException;
L?; -- Lorg/whispersystems/libaxolotl/InvalidMessageException;
L?; -- Lws/com/google/android/mms/MmsException;
L?; -- Lorg/thoughtcrime/securesms/jobs/AttachmentDownloadJob$InvalidPartException;
L?; -- Lorg/whispersystems/textsecure/api/push/exceptions/NonSuccessfulResponseCodeException;
L?; -- Lorg/whispersystems/libaxolotl/InvalidMessageException;
L?; -- Lws/com/google/android/mms/MmsException;
L?; -- Lorg/thoughtcrime/securesms/jobs/AttachmentDownloadJob$InvalidPartException;
L?; -- Lorg/whispersystems/textsecure/api/push/exceptions/NonSuccessfulResponseCodeException;
L?; -- Lorg/whispersystems/libaxolotl/InvalidMessageException;
L?; -- Lws/com/google/android/mms/MmsException;
L?; -- Lorg/thoughtcrime/securesms/jobs/AttachmentDownloadJob$InvalidPartException;
L?; -- Lorg/whispersystems/textsecure/api/push/exceptions/NonSuccessfulResponseCodeException;
L?; -- Lorg/whispersystems/libaxolotl/InvalidMessageException;
L?; -- Lws/com/google/android/mms/MmsException;
L?; -- Lorg/thoughtcrime/securesms/jobs/AttachmentDownloadJob$InvalidPartException;
L?; -- Lorg/whispersystems/textsecure/api/push/exceptions/NonSuccessfulResponseCodeException;
L?; -- Lorg/whispersystems/libaxolotl/InvalidMessageException;
L?; -- Lws/com/google/android/mms/MmsException;
L?; -- Lorg/thoughtcrime/securesms/jobs/AttachmentDownloadJob$InvalidPartException;
L?; -- Lorg/whispersystems/textsecure/api/push/exceptions/NonSuccessfulResponseCodeException;
L?; -- Lorg/whispersystems/libaxolotl/InvalidMessageException;
L?; -- Lws/com/google/android/mms/MmsException;
L?; -- Lorg/whispersystems/textsecure/api/messages/TextSecureAttachmentPointer;
L?; -- Lorg/whispersystems/textsecure/api/messages/TextSecureAttachmentPointer;
Lorg/whispersystems/libaxolotl/InvalidMessageException; -- Ljava/io/IOException;
L?; -- Lorg/whispersystems/libaxolotl/InvalidMessageException;
L?; -- Ljava/io/IOException;
L?; -- Lorg/whispersystems/libaxolotl/InvalidMessageException;
L?; -- Ljava/io/IOException;
L?; -- Lorg/whispersystems/libaxolotl/InvalidMessageException;
L?; -- Ljava/io/IOException;
L?; -- Lorg/whispersystems/libaxolotl/InvalidMessageException;
L?; -- Ljava/io/IOException;
L?; -- Lorg/whispersystems/libaxolotl/InvalidMessageException;
L?; -- Ljava/io/IOException;
L?; -- Lorg/whispersystems/libaxolotl/InvalidMessageException;
L?; -- Ljava/io/IOException;
L?; -- Lorg/whispersystems/libaxolotl/InvalidMessageException;
L?; -- Ljava/io/IOException;
L?; -- Lorg/whispersystems/libaxolotl/InvalidMessageException;
L?; -- Ljava/io/IOException;
L?; -- Lorg/whispersystems/libaxolotl/InvalidMessageException;
L?; -- Ljava/io/IOException;
L?; -- Lorg/whispersystems/libaxolotl/InvalidMessageException;
L?; -- Ljava/io/IOException;
L?; -- Lorg/whispersystems/libaxolotl/InvalidMessageException;
L?; -- Ljava/io/IOException;
L?; -- Lorg/whispersystems/libaxolotl/InvalidMessageException;
L?; -- Ljava/io/IOException;
L?; -- Lorg/whispersystems/libaxolotl/InvalidMessageException;
L?; -- Ljava/io/IOException;
L?; -- Lorg/whispersystems/libaxolotl/InvalidMessageException;
L?; -- Ljava/io/IOException;
L?; -- Lorg/whispersystems/libaxolotl/InvalidMessageException;
L?; -- Ljava/io/IOException;
L?; -- Lorg/whispersystems/libaxolotl/InvalidMessageException;
L?; -- Ljava/io/IOException;
L?; -- Lorg/whispersystems/libaxolotl/InvalidMessageException;
L?; -- Ljava/io/IOException;
L?; -- Lorg/whispersystems/libaxolotl/InvalidMessageException;
L?; -- Ljava/io/IOException;
L?; -- Lorg/whispersystems/libaxolotl/InvalidMessageException;
L?; -- Ljava/io/IOException;
L?; -- Lorg/whispersystems/libaxolotl/InvalidMessageException;
L?; -- Ljava/io/IOException;
L?; -- Lorg/whispersystems/libaxolotl/InvalidMessageException;
L?; -- Ljava/io/IOException;
L?; -- Lorg/whispersystems/libaxolotl/InvalidMessageException;
L?; -- Ljava/io/IOException;
L?; -- Lorg/whispersystems/libaxolotl/InvalidMessageException;
L?; -- Ljava/io/IOException;
L?; -- Lorg/whispersystems/libaxolotl/InvalidMessageException;
L?; -- Ljava/io/IOException;
L?; -- Lorg/whispersystems/libaxolotl/InvalidMessageException;
L?; -- Ljava/io/IOException;
L?; -- Lorg/whispersystems/libaxolotl/InvalidMessageException;
L?; -- Ljava/io/IOException;
L?; -- Lorg/whispersystems/libaxolotl/InvalidMessageException;
L?; -- Ljava/io/IOException;
L?; -- Lorg/whispersystems/libaxolotl/InvalidMessageException;
L?; -- Ljava/io/IOException;
L?; -- Lorg/whispersystems/libaxolotl/InvalidMessageException;
L?; -- Ljava/io/IOException;
L?; -- Lorg/whispersystems/libaxolotl/InvalidMessageException;
L?; -- Ljava/io/IOException;
L?; -- Lorg/whispersystems/libaxolotl/InvalidMessageException;
L?; -- Ljava/io/IOException;
L?; -- Lorg/whispersystems/libaxolotl/InvalidMessageException;
L?; -- Ljava/io/IOException;
L?; -- Lorg/whispersystems/libaxolotl/InvalidMessageException;
L?; -- Ljava/io/IOException;
++ L; -- Ljava/lang/String; ++
L?; -- Lorg/whispersystems/libaxolotl/InvalidMessageException;
L?; -- Ljava/io/IOException;
L?; -- Lorg/whispersystems/libaxolotl/InvalidMessageException;
L?; -- Ljava/io/IOException;
L?; -- Lorg/whispersystems/libaxolotl/InvalidMessageException;
L?; -- Ljava/io/IOException;
L?; -- Lorg/whispersystems/libaxolotl/InvalidMessageException;
L?; -- Ljava/io/IOException;
L?; -- Lorg/whispersystems/libaxolotl/InvalidMessageException;
L?; -- Ljava/io/IOException;
L?; -- Lorg/whispersystems/libaxolotl/InvalidMessageException;
L?; -- Ljava/io/IOException;
L?; -- Lorg/whispersystems/libaxolotl/InvalidMessageException;
L?; -- Ljava/io/IOException;
Lws/com/google/android/mms/MmsException; -- Lorg/thoughtcrime/securesms/database/PartDatabase;
Lorg/whispersystems/libaxolotl/InvalidKeyIdException; -- Lorg/whispersystems/libaxolotl/state/SignedPreKeyStore;
Lorg/whispersystems/textsecure/api/util/InvalidNumberException; -- Lorg/thoughtcrime/securesms/recipients/RecipientFormattingException;
Lorg/whispersystems/textsecure/api/util/InvalidNumberException; -- L?;
L?; -- Lorg/whispersystems/textsecure/api/push/exceptions/EncapsulatedExceptions;
L?; -- Lorg/whispersystems/textsecure/api/util/InvalidNumberException;
L?; -- Lorg/thoughtcrime/securesms/recipients/RecipientFormattingException;
L?; -- Lorg/whispersystems/textsecure/api/util/InvalidNumberException;
L?; -- Lorg/thoughtcrime/securesms/recipients/RecipientFormattingException;
L?; -- Lorg/whispersystems/textsecure/api/util/InvalidNumberException;
L?; -- Lorg/thoughtcrime/securesms/recipients/RecipientFormattingException;
L?; -- Lorg/whispersystems/textsecure/api/util/InvalidNumberException;
L?; -- Lorg/thoughtcrime/securesms/recipients/RecipientFormattingException;
L?; -- Lorg/whispersystems/textsecure/api/util/InvalidNumberException;
L?; -- Lorg/thoughtcrime/securesms/recipients/RecipientFormattingException;
L?; -- Lorg/whispersystems/textsecure/api/util/InvalidNumberException;
L?; -- Lorg/thoughtcrime/securesms/recipients/RecipientFormattingException;
L?; -- Lorg/whispersystems/textsecure/api/util/InvalidNumberException;
L?; -- Lorg/thoughtcrime/securesms/recipients/RecipientFormattingException;
L?; -- Lorg/whispersystems/textsecure/api/util/InvalidNumberException;
L?; -- Lorg/thoughtcrime/securesms/recipients/RecipientFormattingException;
L?; -- Lorg/whispersystems/textsecure/api/util/InvalidNumberException;
L?; -- Lorg/thoughtcrime/securesms/recipients/RecipientFormattingException;
L?; -- Lorg/whispersystems/textsecure/api/util/InvalidNumberException;
L?; -- Lorg/thoughtcrime/securesms/recipients/RecipientFormattingException;
L?; -- Lorg/whispersystems/textsecure/api/util/InvalidNumberException;
L?; -- Lorg/thoughtcrime/securesms/recipients/RecipientFormattingException;
L?; -- Lorg/whispersystems/textsecure/api/util/InvalidNumberException;
L?; -- Lorg/thoughtcrime/securesms/recipients/RecipientFormattingException;
L?; -- Lorg/whispersystems/textsecure/api/util/InvalidNumberException;
L?; -- Lorg/thoughtcrime/securesms/recipients/RecipientFormattingException;
L?; -- Lorg/whispersystems/textsecure/api/util/InvalidNumberException;
L?; -- Lorg/thoughtcrime/securesms/recipients/RecipientFormattingException;
L?; -- Lorg/whispersystems/textsecure/api/util/InvalidNumberException;
L?; -- Lorg/thoughtcrime/securesms/recipients/RecipientFormattingException;
L?; -- Lorg/whispersystems/textsecure/api/util/InvalidNumberException;
L?; -- Lorg/thoughtcrime/securesms/recipients/RecipientFormattingException;
L?; -- Lorg/whispersystems/textsecure/api/util/InvalidNumberException;
L?; -- Lorg/thoughtcrime/securesms/recipients/RecipientFormattingException;
L?; -- Lorg/whispersystems/textsecure/api/util/InvalidNumberException;
L?; -- Lorg/thoughtcrime/securesms/recipients/RecipientFormattingException;
++ Lorg/whispersystems/textsecure/api/messages/TextSecureAttachment; -- L; ++
Lorg/thoughtcrime/securesms/transport/InsecureFallbackApprovalException; -- Lorg/thoughtcrime/securesms/transport/SecureFallbackApprovalException;
L?; -- Lorg/whispersystems/textsecure/api/crypto/UntrustedIdentityException;
Lorg/whispersystems/textsecure/api/util/InvalidNumberException; -- Lorg/whispersystems/textsecure/api/push/exceptions/UnregisteredUserException;
Lorg/whispersystems/textsecure/api/util/InvalidNumberException; -- L?;
Lorg/whispersystems/textsecure/api/util/InvalidNumberException; -- L?;
Lorg/whispersystems/textsecure/api/util/InvalidNumberException; -- L?;
L?; -- Ljava/io/IOException;
Ljava/io/IOException; -- Lorg/thoughtcrime/securesms/recipients/RecipientFormattingException;
Ljava/io/IOException; -- L?;
L?; -- Lorg/whispersystems/textsecure/api/util/InvalidNumberException;
L?; -- Lorg/whispersystems/textsecure/api/push/exceptions/UnregisteredUserException;
L?; -- Ljava/io/IOException;
L?; -- Lorg/thoughtcrime/securesms/recipients/RecipientFormattingException;
L?; -- Lorg/whispersystems/textsecure/api/util/InvalidNumberException;
L?; -- Lorg/whispersystems/textsecure/api/push/exceptions/UnregisteredUserException;
L?; -- Ljava/io/IOException;
L?; -- Lorg/thoughtcrime/securesms/recipients/RecipientFormattingException;
L?; -- Lorg/whispersystems/textsecure/api/util/InvalidNumberException;
L?; -- Lorg/whispersystems/textsecure/api/push/exceptions/UnregisteredUserException;
L?; -- Ljava/io/IOException;
L?; -- Lorg/thoughtcrime/securesms/recipients/RecipientFormattingException;
L?; -- Lorg/whispersystems/textsecure/api/util/InvalidNumberException;
L?; -- Lorg/whispersystems/textsecure/api/push/exceptions/UnregisteredUserException;
L?; -- Ljava/io/IOException;
L?; -- Lorg/thoughtcrime/securesms/recipients/RecipientFormattingException;
L?; -- Lorg/whispersystems/textsecure/api/util/InvalidNumberException;
L?; -- Lorg/whispersystems/textsecure/api/push/exceptions/UnregisteredUserException;
L?; -- Ljava/io/IOException;
L?; -- Lorg/thoughtcrime/securesms/recipients/RecipientFormattingException;
L?; -- Lorg/whispersystems/textsecure/api/util/InvalidNumberException;
L?; -- Lorg/whispersystems/textsecure/api/push/exceptions/UnregisteredUserException;
L?; -- Ljava/io/IOException;
L?; -- Lorg/thoughtcrime/securesms/recipients/RecipientFormattingException;
L?; -- Lorg/whispersystems/textsecure/api/util/InvalidNumberException;
L?; -- Lorg/whispersystems/textsecure/api/push/exceptions/UnregisteredUserException;
L?; -- Ljava/io/IOException;
L?; -- Lorg/thoughtcrime/securesms/recipients/RecipientFormattingException;
L?; -- Lorg/whispersystems/textsecure/api/util/InvalidNumberException;
L?; -- Lorg/whispersystems/textsecure/api/push/exceptions/UnregisteredUserException;
L?; -- Ljava/io/IOException;
L?; -- Lorg/thoughtcrime/securesms/recipients/RecipientFormattingException;
L?; -- Lorg/whispersystems/textsecure/api/util/InvalidNumberException;
L?; -- Lorg/whispersystems/textsecure/api/push/exceptions/UnregisteredUserException;
L?; -- Ljava/io/IOException;
L?; -- Lorg/thoughtcrime/securesms/recipients/RecipientFormattingException;
L?; -- Lorg/whispersystems/textsecure/api/util/InvalidNumberException;
L?; -- Lorg/whispersystems/textsecure/api/push/exceptions/UnregisteredUserException;
L?; -- Ljava/io/IOException;
L?; -- Lorg/thoughtcrime/securesms/recipients/RecipientFormattingException;
L?; -- Lorg/whispersystems/textsecure/api/util/InvalidNumberException;
L?; -- Lorg/whispersystems/textsecure/api/push/exceptions/UnregisteredUserException;
L?; -- Ljava/io/IOException;
L?; -- Lorg/thoughtcrime/securesms/recipients/RecipientFormattingException;
L?; -- Lorg/whispersystems/textsecure/api/util/InvalidNumberException;
L?; -- Lorg/whispersystems/textsecure/api/push/exceptions/UnregisteredUserException;
L?; -- Ljava/io/IOException;
L?; -- Lorg/thoughtcrime/securesms/recipients/RecipientFormattingException;
L?; -- Lorg/whispersystems/textsecure/api/util/InvalidNumberException;
L?; -- Lorg/whispersystems/textsecure/api/push/exceptions/UnregisteredUserException;
L?; -- Ljava/io/IOException;
L?; -- Lorg/thoughtcrime/securesms/recipients/RecipientFormattingException;
L?; -- Lorg/whispersystems/textsecure/api/util/InvalidNumberException;
L?; -- Lorg/whispersystems/textsecure/api/push/exceptions/UnregisteredUserException;
L?; -- Ljava/io/IOException;
L?; -- Lorg/thoughtcrime/securesms/recipients/RecipientFormattingException;
L?; -- Lorg/whispersystems/textsecure/api/util/InvalidNumberException;
L?; -- Lorg/whispersystems/textsecure/api/push/exceptions/UnregisteredUserException;
L?; -- Ljava/io/IOException;
L?; -- Lorg/thoughtcrime/securesms/recipients/RecipientFormattingException;
L?; -- Lorg/whispersystems/textsecure/api/util/InvalidNumberException;
L?; -- Lorg/whispersystems/textsecure/api/push/exceptions/UnregisteredUserException;
L?; -- Ljava/io/IOException;
L?; -- Lorg/thoughtcrime/securesms/recipients/RecipientFormattingException;
L?; -- Lorg/whispersystems/textsecure/api/util/InvalidNumberException;
L?; -- Lorg/whispersystems/textsecure/api/push/exceptions/UnregisteredUserException;
L?; -- Ljava/io/IOException;
L?; -- Lorg/thoughtcrime/securesms/recipients/RecipientFormattingException;
L?; -- Lorg/whispersystems/textsecure/api/util/InvalidNumberException;
L?; -- Lorg/whispersystems/textsecure/api/push/exceptions/UnregisteredUserException;
L?; -- Ljava/io/IOException;
L?; -- Lorg/thoughtcrime/securesms/recipients/RecipientFormattingException;
L?; -- Lorg/whispersystems/textsecure/api/util/InvalidNumberException;
L?; -- Lorg/whispersystems/textsecure/api/push/exceptions/UnregisteredUserException;
L?; -- Ljava/io/IOException;
L?; -- Lorg/thoughtcrime/securesms/recipients/RecipientFormattingException;
L?; -- Lorg/whispersystems/textsecure/api/util/InvalidNumberException;
L?; -- Lorg/whispersystems/textsecure/api/push/exceptions/UnregisteredUserException;
L?; -- Ljava/io/IOException;
L?; -- Lorg/thoughtcrime/securesms/recipients/RecipientFormattingException;
L?; -- Lorg/whispersystems/textsecure/api/util/InvalidNumberException;
L?; -- Lorg/whispersystems/textsecure/api/push/exceptions/UnregisteredUserException;
L?; -- Ljava/io/IOException;
L?; -- Lorg/thoughtcrime/securesms/recipients/RecipientFormattingException;
L?; -- Lorg/whispersystems/textsecure/api/util/InvalidNumberException;
L?; -- Lorg/whispersystems/textsecure/api/push/exceptions/UnregisteredUserException;
L?; -- Ljava/io/IOException;
L?; -- Lorg/thoughtcrime/securesms/recipients/RecipientFormattingException;
L?; -- Lorg/whispersystems/textsecure/api/util/InvalidNumberException;
L?; -- Lorg/whispersystems/textsecure/api/push/exceptions/UnregisteredUserException;
L?; -- Ljava/io/IOException;
L?; -- Lorg/thoughtcrime/securesms/recipients/RecipientFormattingException;
L?; -- Lorg/whispersystems/textsecure/api/util/InvalidNumberException;
L?; -- Lorg/whispersystems/textsecure/api/push/exceptions/UnregisteredUserException;
L?; -- Ljava/io/IOException;
L?; -- Lorg/thoughtcrime/securesms/recipients/RecipientFormattingException;
L?; -- Lorg/whispersystems/textsecure/api/util/InvalidNumberException;
L?; -- Lorg/whispersystems/textsecure/api/push/exceptions/UnregisteredUserException;
L?; -- Ljava/io/IOException;
L?; -- Lorg/thoughtcrime/securesms/recipients/RecipientFormattingException;
L?; -- Lorg/whispersystems/textsecure/api/util/InvalidNumberException;
L?; -- Lorg/whispersystems/textsecure/api/push/exceptions/UnregisteredUserException;
L?; -- Ljava/io/IOException;
L?; -- Lorg/thoughtcrime/securesms/recipients/RecipientFormattingException;
L?; -- Lorg/whispersystems/textsecure/api/util/InvalidNumberException;
L?; -- Lorg/whispersystems/textsecure/api/push/exceptions/UnregisteredUserException;
L?; -- Ljava/io/IOException;
L?; -- Lorg/thoughtcrime/securesms/recipients/RecipientFormattingException;
L?; -- Lorg/whispersystems/textsecure/api/util/InvalidNumberException;
L?; -- Lorg/whispersystems/textsecure/api/push/exceptions/UnregisteredUserException;
L?; -- Ljava/io/IOException;
L?; -- Lorg/thoughtcrime/securesms/recipients/RecipientFormattingException;
L?; -- Lorg/whispersystems/textsecure/api/util/InvalidNumberException;
L?; -- Lorg/whispersystems/textsecure/api/push/exceptions/UnregisteredUserException;
L?; -- Ljava/io/IOException;
L?; -- Lorg/thoughtcrime/securesms/recipients/RecipientFormattingException;
L?; -- Lorg/whispersystems/textsecure/api/util/InvalidNumberException;
L?; -- Lorg/whispersystems/textsecure/api/push/exceptions/UnregisteredUserException;
L?; -- Ljava/io/IOException;
L?; -- Lorg/thoughtcrime/securesms/recipients/RecipientFormattingException;
L?; -- Lorg/whispersystems/textsecure/api/util/InvalidNumberException;
L?; -- Lorg/whispersystems/textsecure/api/push/exceptions/UnregisteredUserException;
L?; -- Ljava/io/IOException;
L?; -- Lorg/thoughtcrime/securesms/recipients/RecipientFormattingException;
L?; -- Lorg/whispersystems/textsecure/api/util/InvalidNumberException;
L?; -- Lorg/whispersystems/textsecure/api/push/exceptions/UnregisteredUserException;
L?; -- Ljava/io/IOException;
L?; -- Lorg/thoughtcrime/securesms/recipients/RecipientFormattingException;
Lorg/thoughtcrime/securesms/recipients/RecipientFormattingException; -- Lorg/thoughtcrime/securesms/recipients/Recipient;
Lorg/thoughtcrime/securesms/transport/InsecureFallbackApprovalException; -- Lorg/thoughtcrime/securesms/transport/SecureFallbackApprovalException;
L?; -- Lorg/whispersystems/textsecure/api/crypto/UntrustedIdentityException;
Lorg/whispersystems/textsecure/api/util/InvalidNumberException; -- Lorg/whispersystems/textsecure/api/push/exceptions/UnregisteredUserException;
Lorg/whispersystems/textsecure/api/util/InvalidNumberException; -- L?;
Lorg/whispersystems/textsecure/api/util/InvalidNumberException; -- L?;
Lorg/whispersystems/textsecure/api/util/InvalidNumberException; -- L?;
L?; -- Ljava/io/IOException;
L?; -- Lorg/whispersystems/textsecure/api/util/InvalidNumberException;
L?; -- Lorg/whispersystems/textsecure/api/push/exceptions/UnregisteredUserException;
L?; -- Lorg/whispersystems/textsecure/api/util/InvalidNumberException;
L?; -- Lorg/whispersystems/textsecure/api/push/exceptions/UnregisteredUserException;
L?; -- Lorg/whispersystems/textsecure/api/util/InvalidNumberException;
L?; -- Lorg/whispersystems/textsecure/api/push/exceptions/UnregisteredUserException;
L?; -- Lorg/whispersystems/textsecure/api/util/InvalidNumberException;
L?; -- Lorg/whispersystems/textsecure/api/push/exceptions/UnregisteredUserException;
L?; -- Lorg/whispersystems/textsecure/api/util/InvalidNumberException;
L?; -- Lorg/whispersystems/textsecure/api/push/exceptions/UnregisteredUserException;
L?; -- Lorg/whispersystems/textsecure/api/util/InvalidNumberException;
L?; -- Lorg/whispersystems/textsecure/api/push/exceptions/UnregisteredUserException;
L?; -- Lorg/whispersystems/textsecure/api/util/InvalidNumberException;
L?; -- Lorg/whispersystems/textsecure/api/push/exceptions/UnregisteredUserException;
L?; -- Lorg/whispersystems/textsecure/api/util/InvalidNumberException;
L?; -- Lorg/whispersystems/textsecure/api/push/exceptions/UnregisteredUserException;
L?; -- Lorg/whispersystems/textsecure/api/util/InvalidNumberException;
L?; -- Lorg/whispersystems/textsecure/api/push/exceptions/UnregisteredUserException;
L?; -- Lorg/whispersystems/textsecure/api/util/InvalidNumberException;
L?; -- Lorg/whispersystems/textsecure/api/push/exceptions/UnregisteredUserException;
L?; -- Lorg/whispersystems/textsecure/api/util/InvalidNumberException;
L?; -- Lorg/whispersystems/textsecure/api/push/exceptions/UnregisteredUserException;
L?; -- Lorg/whispersystems/textsecure/api/util/InvalidNumberException;
L?; -- Lorg/whispersystems/textsecure/api/push/exceptions/UnregisteredUserException;
L?; -- Lorg/whispersystems/textsecure/api/util/InvalidNumberException;
L?; -- Lorg/whispersystems/textsecure/api/push/exceptions/UnregisteredUserException;
L?; -- Lorg/whispersystems/textsecure/api/util/InvalidNumberException;
L?; -- Lorg/whispersystems/textsecure/api/push/exceptions/UnregisteredUserException;
L?; -- Lorg/whispersystems/textsecure/api/util/InvalidNumberException;
L?; -- Lorg/whispersystems/textsecure/api/push/exceptions/UnregisteredUserException;
L?; -- Lorg/whispersystems/textsecure/api/util/InvalidNumberException;
L?; -- Lorg/whispersystems/textsecure/api/push/exceptions/UnregisteredUserException;
L?; -- Lorg/whispersystems/textsecure/api/util/InvalidNumberException;
L?; -- Lorg/whispersystems/textsecure/api/push/exceptions/UnregisteredUserException;
L?; -- Lorg/whispersystems/textsecure/api/util/InvalidNumberException;
L?; -- Lorg/whispersystems/textsecure/api/push/exceptions/UnregisteredUserException;
L?; -- Lorg/whispersystems/textsecure/api/util/InvalidNumberException;
L?; -- Lorg/whispersystems/textsecure/api/push/exceptions/UnregisteredUserException;
L?; -- Lorg/whispersystems/textsecure/api/util/InvalidNumberException;
L?; -- Lorg/whispersystems/textsecure/api/push/exceptions/UnregisteredUserException;
L?; -- Lorg/whispersystems/textsecure/api/util/InvalidNumberException;
L?; -- Lorg/whispersystems/textsecure/api/push/exceptions/UnregisteredUserException;
L?; -- Lorg/whispersystems/textsecure/api/util/InvalidNumberException;
L?; -- Lorg/whispersystems/textsecure/api/push/exceptions/UnregisteredUserException;
L?; -- Lorg/whispersystems/textsecure/api/util/InvalidNumberException;
L?; -- Lorg/whispersystems/textsecure/api/push/exceptions/UnregisteredUserException;
L?; -- Lorg/whispersystems/textsecure/api/util/InvalidNumberException;
L?; -- Lorg/whispersystems/textsecure/api/push/exceptions/UnregisteredUserException;
L?; -- Lorg/whispersystems/textsecure/api/util/InvalidNumberException;
L?; -- Lorg/whispersystems/textsecure/api/push/exceptions/UnregisteredUserException;
L?; -- Lorg/whispersystems/textsecure/api/util/InvalidNumberException;
L?; -- Lorg/whispersystems/textsecure/api/push/exceptions/UnregisteredUserException;
L?; -- Lorg/whispersystems/textsecure/api/util/InvalidNumberException;
L?; -- Lorg/whispersystems/textsecure/api/push/exceptions/UnregisteredUserException;
L?; -- Lorg/whispersystems/textsecure/api/util/InvalidNumberException;
L?; -- Lorg/whispersystems/textsecure/api/push/exceptions/UnregisteredUserException;
L?; -- Lorg/whispersystems/textsecure/api/util/InvalidNumberException;
L?; -- Lorg/whispersystems/textsecure/api/push/exceptions/UnregisteredUserException;
L?; -- Lorg/whispersystems/textsecure/api/util/InvalidNumberException;
L?; -- Lorg/whispersystems/textsecure/api/push/exceptions/UnregisteredUserException;
L?; -- Lorg/whispersystems/textsecure/api/util/InvalidNumberException;
L?; -- Lorg/whispersystems/textsecure/api/push/exceptions/UnregisteredUserException;
L?; -- Lorg/whispersystems/textsecure/api/util/InvalidNumberException;
L?; -- Lorg/whispersystems/textsecure/api/push/exceptions/UnregisteredUserException;
L?; -- Lorg/whispersystems/textsecure/api/util/InvalidNumberException;
L?; -- Lorg/whispersystems/textsecure/api/push/exceptions/UnregisteredUserException;
L?; -- Lorg/whispersystems/textsecure/api/util/InvalidNumberException;
L?; -- Lorg/whispersystems/textsecure/api/push/exceptions/UnregisteredUserException;
L?; -- Lorg/whispersystems/textsecure/api/util/InvalidNumberException;
L?; -- Lorg/whispersystems/textsecure/api/push/exceptions/UnregisteredUserException;
L?; -- Lorg/whispersystems/textsecure/api/util/InvalidNumberException;
L?; -- Lorg/whispersystems/textsecure/api/push/exceptions/UnregisteredUserException;
L?; -- Lorg/whispersystems/textsecure/api/util/InvalidNumberException;
L?; -- Lorg/whispersystems/textsecure/api/push/exceptions/UnregisteredUserException;
L?; -- Lorg/whispersystems/textsecure/api/util/InvalidNumberException;
L?; -- Lorg/whispersystems/textsecure/api/push/exceptions/UnregisteredUserException;
L?; -- Lorg/whispersystems/textsecure/api/util/InvalidNumberException;
L?; -- Lorg/whispersystems/textsecure/api/push/exceptions/UnregisteredUserException;
L?; -- Lorg/whispersystems/textsecure/api/util/InvalidNumberException;
L?; -- Lorg/whispersystems/textsecure/api/push/exceptions/UnregisteredUserException;
Generating android.content.BroadcastReceiver stubs
Generating android.app.Activity stubs
Generating android.app.Service stubs
Generating android.content.ContentProvider stubs
Generating android.app.Application stubs
Total Time of Droidel took 51.963
Building call graph
Building Call Graph took 154.068
[0m[[32msuccess[0m] [0mTotal time: 208 s, completed Mar 17, 2015 11:02:16 PM[0m
