SLF4J: Class path contains multiple SLF4J bindings.
SLF4J: Found binding in [jar:file:/Users/Alex/Desktop/Development/src/FlowDroidEclipse/soot-infoflow-android/lib/slf4j-simple-1.7.5.jar!/org/slf4j/impl/StaticLoggerBinder.class]
SLF4J: Found binding in [jar:file:/Users/Alex/Desktop/Development/src/FlowDroidEclipse/soot-infoflow/lib/slf4j-simple-1.7.5.jar!/org/slf4j/impl/StaticLoggerBinder.class]
SLF4J: Found binding in [jar:file:/Users/Alex/Desktop/Development/src/FlowDroidEclipse/heros/slf4j-simple-1.7.5.jar!/org/slf4j/impl/StaticLoggerBinder.class]
SLF4J: See http://www.slf4j.org/codes.html#multiple_bindings for an explanation.
SLF4J: Actual binding is of type [org.slf4j.impl.SimpleLoggerFactory]
[main] INFO soot.jimple.infoflow.taintWrappers.EasyTaintWrapper - Loaded wrapper entries for 65 classes and 5 exclusions.
[main] INFO soot.jimple.infoflow.android.SetupApplication - ARSC file parsing took 0.013784 seconds
Using '/usr/local/opt/android-sdk/platforms/android-19/android.jar' as android.jar
Warning: java.lang.ref.Finalizer is a phantom class!
[main] INFO soot.jimple.infoflow.entryPointCreators.AndroidEntryPointCreator - Generated main method:
    public static void dummyMainMethod()
    {
        int $i0;
        com.jwork.spycamera.SpyCamActivity $r0;
        android.os.Bundle $r1, $r3;
        com.jwork.spycamera.SpyCamPrefsActivity $r2;

        $i0 = 0;

     label1:
        if $i0 == 0 goto label3;

        $r0 = new com.jwork.spycamera.SpyCamActivity;

        specialinvoke $r0.<com.jwork.spycamera.SpyCamActivity: void <init>()>();

        if $i0 == 1 goto label3;

        $r1 = new android.os.Bundle;

        specialinvoke $r1.<android.os.Bundle: void <init>()>();

        virtualinvoke $r0.<com.jwork.spycamera.SpyCamActivity: void onCreate(android.os.Bundle)>($r1);

        $r1 = null;

     label2:
        virtualinvoke $r0.<com.jwork.spycamera.SpyCamActivity: void onResume()>();

        virtualinvoke $r0.<com.jwork.spycamera.SpyCamActivity: void onPause()>();

        if $i0 == 2 goto label2;

        if $i0 == 3 goto label3;

        if $i0 == 4 goto label2;

     label3:
        if $i0 == 6 goto label6;

        $r2 = new com.jwork.spycamera.SpyCamPrefsActivity;

        specialinvoke $r2.<com.jwork.spycamera.SpyCamPrefsActivity: void <init>()>();

        if $i0 == 7 goto label6;

        $r3 = new android.os.Bundle;

        specialinvoke $r3.<android.os.Bundle: void <init>()>();

        virtualinvoke $r2.<com.jwork.spycamera.SpyCamPrefsActivity: void onCreate(android.os.Bundle)>($r3);

        $r3 = null;

     label4:
        if $i0 == 9 goto label5;

        if $i0 == 10 goto label4;

     label5:
        virtualinvoke $r2.<com.jwork.spycamera.SpyCamPrefsActivity: void onDestroy()>();

     label6:
        if $i0 == 12 goto label1;

        return;
    }

[Call Graph] For information on where the call graph may be incomplete, use the verbose option to the cg phase.
[Spark] Pointer Assignment Graph in 0.1 seconds.
[Spark] Type masks in 0.0 seconds.
[Spark] Pointer Graph simplified in 0.0 seconds.
[Spark] Propagation in 3.0 seconds.
[Spark] Solution found in 3.0 seconds.
Callback analysis done.
Warning: RelativeLayout is a phantom class!
Warning: com.jwork.spycamera.RelativeLayout is a phantom class!
Warning: android.view.RelativeLayout is a phantom class!
Found 0 layout controls in file res/layout/activity_main.xml
Warning: LinearLayout is a phantom class!
Warning: com.jwork.spycamera.LinearLayout is a phantom class!
Warning: android.view.LinearLayout is a phantom class!
Warning: Button is a phantom class!
Warning: com.jwork.spycamera.Button is a phantom class!
Warning: android.view.Button is a phantom class!
Warning: SurfaceView is a phantom class!
Warning: com.jwork.spycamera.SurfaceView is a phantom class!
Found 1 layout controls in file res/layout/fragment_main.xml
Using '/usr/local/opt/android-sdk/platforms/android-19/android.jar' as android.jar
Warning: java.lang.ref.Finalizer is a phantom class!
[main] WARN soot.jimple.infoflow.entryPointCreators.AndroidEntryPointCreator - Cannot create valid constructor for android.util.AttributeSet, because it is an interface and cannot substitute with subclass
[main] WARN soot.jimple.infoflow.entryPointCreators.AndroidEntryPointCreator - Cannot create valid constructor for android.content.SharedPreferences, because it is an interface and cannot substitute with subclass
[main] WARN soot.jimple.infoflow.entryPointCreators.AndroidEntryPointCreator - Cannot create valid constructor for android.content.DialogInterface, because it is an interface and cannot substitute with subclass
[main] INFO soot.jimple.infoflow.entryPointCreators.AndroidEntryPointCreator - Generated main method:
    public static void dummyMainMethod()
    {
        int $i0;
        com.jwork.spycamera.SpyCamActivity $r0;
        android.os.Bundle $r1, $r5;
        android.view.KeyEvent $r2;
        boolean $z0, $z1;
        android.content.res.Configuration $r3;
        com.jwork.spycamera.SpyCamPrefsActivity $r4;
        android.preference.Preference $r6;
        android.app.AlertDialog $r7, $r9, $r11;
        com.jwork.spycamera.SpyCamPrefsActivity$3 $r8;
        com.jwork.spycamera.SpyCamPrefsActivity$1 $r10;
        com.jwork.spycamera.SpyCamPrefsActivity$2 $r12;

        $i0 = 0;

     label01:
        if $i0 == 0 goto label07;

        $r0 = new com.jwork.spycamera.SpyCamActivity;

        specialinvoke $r0.<com.jwork.spycamera.SpyCamActivity: void <init>()>();

        if $i0 == 1 goto label07;

        $r1 = new android.os.Bundle;

        specialinvoke $r1.<android.os.Bundle: void <init>()>();

        virtualinvoke $r0.<com.jwork.spycamera.SpyCamActivity: void onCreate(android.os.Bundle)>($r1);

        $r1 = null;

     label02:
        virtualinvoke $r0.<com.jwork.spycamera.SpyCamActivity: void onResume()>();

        if $i0 == 2 goto label06;

     label03:
        if $i0 == 3 goto label04;

        $r2 = new android.view.KeyEvent;

        specialinvoke $r2.<android.view.KeyEvent: void <init>(int,int)>(0, 0);

        $z0 = virtualinvoke $r0.<com.jwork.spycamera.SpyCamActivity: boolean onKeyDown(int,android.view.KeyEvent)>(0, $r2);

        $r2 = null;

     label04:
        if $i0 == 4 goto label05;

        $r3 = new android.content.res.Configuration;

        specialinvoke $r3.<android.content.res.Configuration: void <init>()>();

        virtualinvoke $r0.<com.jwork.spycamera.SpyCamActivity: void onConfigurationChanged(android.content.res.Configuration)>($r3);

        $r3 = null;

     label05:
        if $i0 == 5 goto label03;

     label06:
        virtualinvoke $r0.<com.jwork.spycamera.SpyCamActivity: void onPause()>();

        if $i0 == 6 goto label02;

        if $i0 == 7 goto label07;

        if $i0 == 8 goto label02;

     label07:
        if $i0 == 10 goto label18;

        $r4 = new com.jwork.spycamera.SpyCamPrefsActivity;

        specialinvoke $r4.<com.jwork.spycamera.SpyCamPrefsActivity: void <init>()>();

        if $i0 == 11 goto label18;

        $r5 = new android.os.Bundle;

        specialinvoke $r5.<android.os.Bundle: void <init>()>();

        virtualinvoke $r4.<com.jwork.spycamera.SpyCamPrefsActivity: void onCreate(android.os.Bundle)>($r5);

        $r5 = null;

     label08:
        if $i0 == 12 goto label16;

     label09:
        if $i0 == 13 goto label10;

        staticinvoke <com.jwork.spycamera.SpyCamPrefsActivity: void <clinit>()>();

     label10:
        if $i0 == 14 goto label11;

        $r6 = new android.preference.Preference;

        specialinvoke $r6.<android.preference.Preference: void <init>(android.content.Context,android.util.AttributeSet,int)>($r4, null, 0);

        $z1 = virtualinvoke $r4.<com.jwork.spycamera.SpyCamPrefsActivity: boolean onPreferenceClick(android.preference.Preference)>($r6);

        $r6 = null;

     label11:
        if $i0 == 15 goto label12;

        virtualinvoke $r4.<com.jwork.spycamera.SpyCamPrefsActivity: void onSharedPreferenceChanged(android.content.SharedPreferences,java.lang.String)>(null, "");

     label12:
        $r7 = new android.app.AlertDialog;

        specialinvoke $r7.<android.app.AlertDialog: void <init>(android.content.Context)>($r4);

        $r8 = new com.jwork.spycamera.SpyCamPrefsActivity$3;

        specialinvoke $r8.<com.jwork.spycamera.SpyCamPrefsActivity$3: void <init>(com.jwork.spycamera.SpyCamPrefsActivity,android.app.AlertDialog)>($r4, $r7);

        if $i0 == 16 goto label13;

        virtualinvoke $r8.<com.jwork.spycamera.SpyCamPrefsActivity$3: void onClick(android.content.DialogInterface,int)>(null, 0);

     label13:
        $r9 = new android.app.AlertDialog;

        specialinvoke $r9.<android.app.AlertDialog: void <init>(android.content.Context)>($r4);

        $r10 = new com.jwork.spycamera.SpyCamPrefsActivity$1;

        specialinvoke $r10.<com.jwork.spycamera.SpyCamPrefsActivity$1: void <init>(com.jwork.spycamera.SpyCamPrefsActivity,android.app.AlertDialog)>($r4, $r9);

        if $i0 == 17 goto label14;

        virtualinvoke $r10.<com.jwork.spycamera.SpyCamPrefsActivity$1: void onClick(android.content.DialogInterface,int)>(null, 0);

     label14:
        $r11 = new android.app.AlertDialog;

        specialinvoke $r11.<android.app.AlertDialog: void <init>(android.content.Context)>($r4);

        $r12 = new com.jwork.spycamera.SpyCamPrefsActivity$2;

        specialinvoke $r12.<com.jwork.spycamera.SpyCamPrefsActivity$2: void <init>(com.jwork.spycamera.SpyCamPrefsActivity,android.app.AlertDialog)>($r4, $r11);

        if $i0 == 18 goto label15;

        virtualinvoke $r12.<com.jwork.spycamera.SpyCamPrefsActivity$2: void onClick(android.content.DialogInterface,int)>(null, 0);

     label15:
        if $i0 == 19 goto label09;

     label16:
        if $i0 == 20 goto label08;

        if $i0 == 21 goto label17;

        if $i0 == 22 goto label08;

     label17:
        virtualinvoke $r4.<com.jwork.spycamera.SpyCamPrefsActivity: void onDestroy()>();

     label18:
        if $i0 == 24 goto label01;

        return;
    }

[Call Graph] For information on where the call graph may be incomplete, use the verbose option to the cg phase.
[Spark] Pointer Assignment Graph in 0.0 seconds.
[Spark] Type masks in 0.0 seconds.
[Spark] Pointer Graph simplified in 0.0 seconds.
[Spark] Propagation in 2.0 seconds.
[Spark] Solution found in 2.0 seconds.
Running incremental callback analysis for 2 components...
Incremental callback analysis done.
Using '/usr/local/opt/android-sdk/platforms/android-19/android.jar' as android.jar
Warning: java.lang.ref.Finalizer is a phantom class!
[main] WARN soot.jimple.infoflow.entryPointCreators.AndroidEntryPointCreator - Could not find a suitable constructor for class com.jwork.spycamera.utility.ConfigurationUtility
[main] WARN soot.jimple.infoflow.entryPointCreators.AndroidEntryPointCreator - Cannot create valid constructor for android.content.DialogInterface, because it is an interface and cannot substitute with subclass
[main] WARN soot.jimple.infoflow.entryPointCreators.AndroidEntryPointCreator - Cannot create valid constructor for android.content.SharedPreferences, because it is an interface and cannot substitute with subclass
[main] WARN soot.jimple.infoflow.entryPointCreators.AndroidEntryPointCreator - Cannot create valid constructor for android.util.AttributeSet, because it is an interface and cannot substitute with subclass
[main] INFO soot.jimple.infoflow.entryPointCreators.AndroidEntryPointCreator - Generated main method:
    public static void dummyMainMethod()
    {
        int $i0;
        com.jwork.spycamera.SpyCamActivity $r0;
        android.os.Bundle $r1, $r5;
        android.view.KeyEvent $r2;
        boolean $z0, $z1;
        android.content.res.Configuration $r3;
        com.jwork.spycamera.SpyCamPrefsActivity $r4;
        com.jwork.spycamera.utility.Utility$2 $r6;
        com.jwork.spycamera.utility.Utility$1 $r7;
        android.preference.Preference $r8;
        com.jwork.spycamera.utility.Utility$3 $r9;
        android.app.AlertDialog $r10, $r12, $r14;
        com.jwork.spycamera.SpyCamPrefsActivity$1 $r11;
        com.jwork.spycamera.SpyCamPrefsActivity$3 $r13;
        com.jwork.spycamera.SpyCamPrefsActivity$2 $r15;

        $i0 = 0;

     label01:
        if $i0 == 0 goto label07;

        $r0 = new com.jwork.spycamera.SpyCamActivity;

        specialinvoke $r0.<com.jwork.spycamera.SpyCamActivity: void <init>()>();

        if $i0 == 1 goto label07;

        $r1 = new android.os.Bundle;

        specialinvoke $r1.<android.os.Bundle: void <init>()>();

        virtualinvoke $r0.<com.jwork.spycamera.SpyCamActivity: void onCreate(android.os.Bundle)>($r1);

        $r1 = null;

     label02:
        virtualinvoke $r0.<com.jwork.spycamera.SpyCamActivity: void onResume()>();

        if $i0 == 2 goto label06;

     label03:
        if $i0 == 3 goto label04;

        $r2 = new android.view.KeyEvent;

        specialinvoke $r2.<android.view.KeyEvent: void <init>(int,int)>(0, 0);

        $z0 = virtualinvoke $r0.<com.jwork.spycamera.SpyCamActivity: boolean onKeyDown(int,android.view.KeyEvent)>(0, $r2);

        $r2 = null;

     label04:
        if $i0 == 4 goto label05;

        $r3 = new android.content.res.Configuration;

        specialinvoke $r3.<android.content.res.Configuration: void <init>()>();

        virtualinvoke $r0.<com.jwork.spycamera.SpyCamActivity: void onConfigurationChanged(android.content.res.Configuration)>($r3);

        $r3 = null;

     label05:
        if $i0 == 5 goto label03;

     label06:
        virtualinvoke $r0.<com.jwork.spycamera.SpyCamActivity: void onPause()>();

        if $i0 == 6 goto label02;

        if $i0 == 7 goto label07;

        if $i0 == 8 goto label02;

     label07:
        if $i0 == 10 goto label21;

        $r4 = new com.jwork.spycamera.SpyCamPrefsActivity;

        specialinvoke $r4.<com.jwork.spycamera.SpyCamPrefsActivity: void <init>()>();

        if $i0 == 11 goto label21;

        $r5 = new android.os.Bundle;

        specialinvoke $r5.<android.os.Bundle: void <init>()>();

        virtualinvoke $r4.<com.jwork.spycamera.SpyCamPrefsActivity: void onCreate(android.os.Bundle)>($r5);

        $r5 = null;

     label08:
        if $i0 == 12 goto label19;

     label09:
        $r6 = new com.jwork.spycamera.utility.Utility$2;

        specialinvoke $r6.<com.jwork.spycamera.utility.Utility$2: void <init>(com.jwork.spycamera.utility.ConfigurationUtility,android.app.Activity)>(null, $r4);

        if $i0 == 13 goto label10;

        virtualinvoke $r6.<com.jwork.spycamera.utility.Utility$2: void onClick(android.content.DialogInterface,int)>(null, 0);

     label10:
        $r7 = new com.jwork.spycamera.utility.Utility$1;

        specialinvoke $r7.<com.jwork.spycamera.utility.Utility$1: void <init>(com.jwork.spycamera.utility.ConfigurationUtility,android.app.Activity)>(null, $r4);

        if $i0 == 14 goto label11;

        virtualinvoke $r7.<com.jwork.spycamera.utility.Utility$1: void onClick(android.content.DialogInterface,int)>(null, 0);

     label11:
        if $i0 == 15 goto label12;

        staticinvoke <com.jwork.spycamera.SpyCamPrefsActivity: void <clinit>()>();

     label12:
        if $i0 == 16 goto label13;

        virtualinvoke $r4.<com.jwork.spycamera.SpyCamPrefsActivity: void onSharedPreferenceChanged(android.content.SharedPreferences,java.lang.String)>(null, "");

     label13:
        if $i0 == 17 goto label14;

        $r8 = new android.preference.Preference;

        specialinvoke $r8.<android.preference.Preference: void <init>(android.content.Context,android.util.AttributeSet,int)>($r4, null, 0);

        $z1 = virtualinvoke $r4.<com.jwork.spycamera.SpyCamPrefsActivity: boolean onPreferenceClick(android.preference.Preference)>($r8);

        $r8 = null;

     label14:
        $r9 = new com.jwork.spycamera.utility.Utility$3;

        specialinvoke $r9.<com.jwork.spycamera.utility.Utility$3: void <init>(com.jwork.spycamera.utility.ConfigurationUtility,android.app.Activity)>(null, $r4);

        if $i0 == 18 goto label15;

        virtualinvoke $r9.<com.jwork.spycamera.utility.Utility$3: void onClick(android.content.DialogInterface,int)>(null, 0);

     label15:
        $r10 = new android.app.AlertDialog;

        specialinvoke $r10.<android.app.AlertDialog: void <init>(android.content.Context)>($r4);

        $r11 = new com.jwork.spycamera.SpyCamPrefsActivity$1;

        specialinvoke $r11.<com.jwork.spycamera.SpyCamPrefsActivity$1: void <init>(com.jwork.spycamera.SpyCamPrefsActivity,android.app.AlertDialog)>($r4, $r10);

        if $i0 == 19 goto label16;

        virtualinvoke $r11.<com.jwork.spycamera.SpyCamPrefsActivity$1: void onClick(android.content.DialogInterface,int)>(null, 0);

     label16:
        $r12 = new android.app.AlertDialog;

        specialinvoke $r12.<android.app.AlertDialog: void <init>(android.content.Context)>($r4);

        $r13 = new com.jwork.spycamera.SpyCamPrefsActivity$3;

        specialinvoke $r13.<com.jwork.spycamera.SpyCamPrefsActivity$3: void <init>(com.jwork.spycamera.SpyCamPrefsActivity,android.app.AlertDialog)>($r4, $r12);

        if $i0 == 20 goto label17;

        virtualinvoke $r13.<com.jwork.spycamera.SpyCamPrefsActivity$3: void onClick(android.content.DialogInterface,int)>(null, 0);

     label17:
        $r14 = new android.app.AlertDialog;

        specialinvoke $r14.<android.app.AlertDialog: void <init>(android.content.Context)>($r4);

        $r15 = new com.jwork.spycamera.SpyCamPrefsActivity$2;

        specialinvoke $r15.<com.jwork.spycamera.SpyCamPrefsActivity$2: void <init>(com.jwork.spycamera.SpyCamPrefsActivity,android.app.AlertDialog)>($r4, $r14);

        if $i0 == 21 goto label18;

        virtualinvoke $r15.<com.jwork.spycamera.SpyCamPrefsActivity$2: void onClick(android.content.DialogInterface,int)>(null, 0);

     label18:
        if $i0 == 22 goto label09;

     label19:
        if $i0 == 23 goto label08;

        if $i0 == 24 goto label20;

        if $i0 == 25 goto label08;

     label20:
        virtualinvoke $r4.<com.jwork.spycamera.SpyCamPrefsActivity: void onDestroy()>();

     label21:
        if $i0 == 27 goto label01;

        return;
    }

[Call Graph] For information on where the call graph may be incomplete, use the verbose option to the cg phase.
[Spark] Pointer Assignment Graph in 0.0 seconds.
[Spark] Type masks in 0.0 seconds.
[Spark] Pointer Graph simplified in 0.0 seconds.
[Spark] Propagation in 1.7 seconds.
[Spark] Solution found in 1.7 seconds.
Running incremental callback analysis for 0 components...
Incremental callback analysis done.
Found 16 callback methods for 2 components
Found {res/layout/fragment_main.xml=[2131296267 - android.widget.Button, 2131296272 - android.widget.Button, 2131296260 - android.widget.Button, 2131296264 - android.widget.LinearLayout, 2131296265 - android.widget.Button, 2131296270 - android.widget.Button, 2131296257 - android.widget.LinearLayout, 2131296259 - android.widget.LinearLayout, 2131296271 - android.widget.LinearLayout, 2131296258 - android.widget.LinearLayout, 2131296261 - android.widget.Button, 2131296262 - android.widget.Button, 2131296268 - android.widget.LinearLayout, 2131296274 - android.widget.Button, 2131296269 - android.widget.Button, 2131296273 - android.widget.Button, 2131296266 - android.view.SurfaceView, 2131296263 - android.widget.LinearLayout]} layout controls
Entry point calculation done.
Created a SourceSinkManager with 92 sources, 126 sinks, and 16 callback methods.
Running data flow analysis...
Running data flow analysis on /Users/Alex/Downloads/benchmarks/spycamera/bin/SpyCamActivity-debug.apk with 92 sources and 126 sinks...
Starting infoflow computation...
[main] INFO soot.jimple.infoflow.Infoflow - Resetting Soot...
Using '/usr/local/opt/android-sdk/platforms/android-19/android.jar' as android.jar
Warning: java.lang.ref.Finalizer is a phantom class!
[main] INFO soot.jimple.infoflow.Infoflow - Basic class loading done.
[main] WARN soot.jimple.infoflow.entryPointCreators.AndroidEntryPointCreator - Could not find a suitable constructor for class com.jwork.spycamera.utility.ConfigurationUtility
[main] WARN soot.jimple.infoflow.entryPointCreators.AndroidEntryPointCreator - Cannot create valid constructor for android.content.DialogInterface, because it is an interface and cannot substitute with subclass
[main] WARN soot.jimple.infoflow.entryPointCreators.AndroidEntryPointCreator - Cannot create valid constructor for android.util.AttributeSet, because it is an interface and cannot substitute with subclass
[main] WARN soot.jimple.infoflow.entryPointCreators.AndroidEntryPointCreator - Cannot create valid constructor for android.content.SharedPreferences, because it is an interface and cannot substitute with subclass
[main] INFO soot.jimple.infoflow.entryPointCreators.AndroidEntryPointCreator - Generated main method:
    public static void dummyMainMethod()
    {
        int $i0;
        com.jwork.spycamera.SpyCamActivity $r0;
        android.os.Bundle $r1, $r5;
        android.view.KeyEvent $r2;
        boolean $z0, $z1;
        android.content.res.Configuration $r3;
        com.jwork.spycamera.SpyCamPrefsActivity $r4;
        com.jwork.spycamera.utility.Utility$3 $r6;
        android.preference.Preference $r7;
        com.jwork.spycamera.utility.Utility$1 $r8;
        com.jwork.spycamera.utility.Utility$2 $r9;
        android.app.AlertDialog $r10, $r12, $r14;
        com.jwork.spycamera.SpyCamPrefsActivity$1 $r11;
        com.jwork.spycamera.SpyCamPrefsActivity$2 $r13;
        com.jwork.spycamera.SpyCamPrefsActivity$3 $r15;

        $i0 = 0;

     label01:
        if $i0 == 0 goto label07;

        $r0 = new com.jwork.spycamera.SpyCamActivity;

        specialinvoke $r0.<com.jwork.spycamera.SpyCamActivity: void <init>()>();

        if $i0 == 1 goto label07;

        $r1 = new android.os.Bundle;

        specialinvoke $r1.<android.os.Bundle: void <init>()>();

        virtualinvoke $r0.<com.jwork.spycamera.SpyCamActivity: void onCreate(android.os.Bundle)>($r1);

        $r1 = null;

     label02:
        virtualinvoke $r0.<com.jwork.spycamera.SpyCamActivity: void onResume()>();

        if $i0 == 2 goto label06;

     label03:
        if $i0 == 3 goto label04;

        $r2 = new android.view.KeyEvent;

        specialinvoke $r2.<android.view.KeyEvent: void <init>(int,int)>(0, 0);

        $z0 = virtualinvoke $r0.<com.jwork.spycamera.SpyCamActivity: boolean onKeyDown(int,android.view.KeyEvent)>(0, $r2);

        $r2 = null;

     label04:
        if $i0 == 4 goto label05;

        $r3 = new android.content.res.Configuration;

        specialinvoke $r3.<android.content.res.Configuration: void <init>()>();

        virtualinvoke $r0.<com.jwork.spycamera.SpyCamActivity: void onConfigurationChanged(android.content.res.Configuration)>($r3);

        $r3 = null;

     label05:
        if $i0 == 5 goto label03;

     label06:
        virtualinvoke $r0.<com.jwork.spycamera.SpyCamActivity: void onPause()>();

        if $i0 == 6 goto label02;

        if $i0 == 7 goto label07;

        if $i0 == 8 goto label02;

     label07:
        if $i0 == 10 goto label21;

        $r4 = new com.jwork.spycamera.SpyCamPrefsActivity;

        specialinvoke $r4.<com.jwork.spycamera.SpyCamPrefsActivity: void <init>()>();

        if $i0 == 11 goto label21;

        $r5 = new android.os.Bundle;

        specialinvoke $r5.<android.os.Bundle: void <init>()>();

        virtualinvoke $r4.<com.jwork.spycamera.SpyCamPrefsActivity: void onCreate(android.os.Bundle)>($r5);

        $r5 = null;

     label08:
        if $i0 == 12 goto label19;

     label09:
        $r6 = new com.jwork.spycamera.utility.Utility$3;

        specialinvoke $r6.<com.jwork.spycamera.utility.Utility$3: void <init>(com.jwork.spycamera.utility.ConfigurationUtility,android.app.Activity)>(null, $r4);

        if $i0 == 13 goto label10;

        virtualinvoke $r6.<com.jwork.spycamera.utility.Utility$3: void onClick(android.content.DialogInterface,int)>(null, 0);

     label10:
        if $i0 == 14 goto label11;

        $r7 = new android.preference.Preference;

        specialinvoke $r7.<android.preference.Preference: void <init>(android.content.Context,android.util.AttributeSet,int)>($r4, null, 0);

        $z1 = virtualinvoke $r4.<com.jwork.spycamera.SpyCamPrefsActivity: boolean onPreferenceClick(android.preference.Preference)>($r7);

        $r7 = null;

     label11:
        if $i0 == 15 goto label12;

        virtualinvoke $r4.<com.jwork.spycamera.SpyCamPrefsActivity: void onSharedPreferenceChanged(android.content.SharedPreferences,java.lang.String)>(null, "");

     label12:
        if $i0 == 16 goto label13;

        staticinvoke <com.jwork.spycamera.SpyCamPrefsActivity: void <clinit>()>();

     label13:
        $r8 = new com.jwork.spycamera.utility.Utility$1;

        specialinvoke $r8.<com.jwork.spycamera.utility.Utility$1: void <init>(com.jwork.spycamera.utility.ConfigurationUtility,android.app.Activity)>(null, $r4);

        if $i0 == 17 goto label14;

        virtualinvoke $r8.<com.jwork.spycamera.utility.Utility$1: void onClick(android.content.DialogInterface,int)>(null, 0);

     label14:
        $r9 = new com.jwork.spycamera.utility.Utility$2;

        specialinvoke $r9.<com.jwork.spycamera.utility.Utility$2: void <init>(com.jwork.spycamera.utility.ConfigurationUtility,android.app.Activity)>(null, $r4);

        if $i0 == 18 goto label15;

        virtualinvoke $r9.<com.jwork.spycamera.utility.Utility$2: void onClick(android.content.DialogInterface,int)>(null, 0);

     label15:
        $r10 = new android.app.AlertDialog;

        specialinvoke $r10.<android.app.AlertDialog: void <init>(android.content.Context)>($r4);

        $r11 = new com.jwork.spycamera.SpyCamPrefsActivity$1;

        specialinvoke $r11.<com.jwork.spycamera.SpyCamPrefsActivity$1: void <init>(com.jwork.spycamera.SpyCamPrefsActivity,android.app.AlertDialog)>($r4, $r10);

        if $i0 == 19 goto label16;

        virtualinvoke $r11.<com.jwork.spycamera.SpyCamPrefsActivity$1: void onClick(android.content.DialogInterface,int)>(null, 0);

     label16:
        $r12 = new android.app.AlertDialog;

        specialinvoke $r12.<android.app.AlertDialog: void <init>(android.content.Context)>($r4);

        $r13 = new com.jwork.spycamera.SpyCamPrefsActivity$2;

        specialinvoke $r13.<com.jwork.spycamera.SpyCamPrefsActivity$2: void <init>(com.jwork.spycamera.SpyCamPrefsActivity,android.app.AlertDialog)>($r4, $r12);

        if $i0 == 20 goto label17;

        virtualinvoke $r13.<com.jwork.spycamera.SpyCamPrefsActivity$2: void onClick(android.content.DialogInterface,int)>(null, 0);

     label17:
        $r14 = new android.app.AlertDialog;

        specialinvoke $r14.<android.app.AlertDialog: void <init>(android.content.Context)>($r4);

        $r15 = new com.jwork.spycamera.SpyCamPrefsActivity$3;

        specialinvoke $r15.<com.jwork.spycamera.SpyCamPrefsActivity$3: void <init>(com.jwork.spycamera.SpyCamPrefsActivity,android.app.AlertDialog)>($r4, $r14);

        if $i0 == 21 goto label18;

        virtualinvoke $r15.<com.jwork.spycamera.SpyCamPrefsActivity$3: void onClick(android.content.DialogInterface,int)>(null, 0);

     label18:
        if $i0 == 22 goto label09;

     label19:
        if $i0 == 23 goto label08;

        if $i0 == 24 goto label20;

        if $i0 == 25 goto label08;

     label20:
        virtualinvoke $r4.<com.jwork.spycamera.SpyCamPrefsActivity: void onDestroy()>();

     label21:
        if $i0 == 27 goto label01;

        return;
    }

[Call Graph] For information on where the call graph may be incomplete, use the verbose option to the cg phase.
[Spark] Pointer Assignment Graph in 0.0 seconds.
[Spark] Type masks in 0.0 seconds.
[Spark] Pointer Graph simplified in 0.0 seconds.
[Spark] Propagation in 1.5 seconds.
[Spark] Solution found in 1.5 seconds.
[main] INFO soot.jimple.infoflow.util.InterproceduralConstantValuePropagator - Removing side-effect free methods is enabled
Removed 151 call edges
[main] INFO soot.jimple.infoflow.Infoflow - Dead code elimination took 0.099573 seconds
[main] INFO soot.jimple.infoflow.Infoflow - Callgraph has 1065 edges
277
Analysis has run for 14.559199 seconds
